<?xml version="1.0" encoding="UTF-8"?>
<!-- Generated by org.testng.reporters.JUnitXMLReporter -->
<testsuite hostname="DESKTOP-P1P3PLC" ignored="0" name="Test" tests="4" failures="0" timestamp="2022-10-26T13:31:48 MST" time="135.175" errors="0">
  <testcase name="creatLeads" time="23.631" classname="connectExcellWithDataProvider_02.CreatLead_Parameter"/>
  <testcase name="creatLeads" time="21.373" classname="connectExcellWithDataProvider_02.CreatLead_Parameter"/>
  <testcase name="creatLeads" time="20.935" classname="connectExcellWithDataProvider_02.CreatLead_Parameter"/>
  <testcase name="creatLeads" time="20.862" classname="connectExcellWithDataProvider_02.CreatLead_Parameter"/>
</testsuite> <!-- Test -->
