<?xml version="1.0" encoding="UTF-8"?>
<testng-results skipped="0" failed="0" ignored="0" total="1" passed="1">
  <reporter-output>
  </reporter-output>
  <suite name="Default suite" duration-ms="12940" started-at="2022-11-16T13:42:51 MST" finished-at="2022-11-16T13:43:04 MST">
    <groups>
    </groups>
    <test name="Default test" duration-ms="12940" started-at="2022-11-16T13:42:51 MST" finished-at="2022-11-16T13:43:04 MST">
      <class name="learnInterface.TC_001_CreateLead">
        <test-method status="PASS" signature="CreateLead()[pri:0, instance:learnInterface.TC_001_CreateLead@38bc8ab5]" name="CreateLead" duration-ms="12898" started-at="2022-11-16T13:42:51 MST" finished-at="2022-11-16T13:43:04 MST">
          <reporter-output>
          </reporter-output>
        </test-method> <!-- CreateLead -->
      </class> <!-- learnInterface.TC_001_CreateLead -->
    </test> <!-- Default test -->
  </suite> <!-- Default suite -->
</testng-results>
